mode: atomic
github.com/markphelps/go-trace/cmd/go-trace/flag.go:16.69,19.2 2 0
github.com/markphelps/go-trace/cmd/go-trace/flag.go:21.41,22.18 1 2
github.com/markphelps/go-trace/cmd/go-trace/flag.go:25.2,25.34 1 1
github.com/markphelps/go-trace/cmd/go-trace/flag.go:22.18,24.3 1 1
github.com/markphelps/go-trace/cmd/go-trace/flag.go:28.49,30.16 2 6
github.com/markphelps/go-trace/cmd/go-trace/flag.go:34.2,34.15 1 5
github.com/markphelps/go-trace/cmd/go-trace/flag.go:39.2,40.12 2 5
github.com/markphelps/go-trace/cmd/go-trace/flag.go:30.16,32.3 1 1
github.com/markphelps/go-trace/cmd/go-trace/flag.go:34.15,36.3 1 1
github.com/markphelps/go-trace/cmd/go-trace/flag.go:36.3,36.22 1 4
github.com/markphelps/go-trace/cmd/go-trace/flag.go:36.22,38.3 1 1
github.com/markphelps/go-trace/cmd/go-trace/flag.go:45.74,47.2 1 0
github.com/markphelps/go-trace/cmd/go-trace/flag.go:54.89,57.2 2 0
github.com/markphelps/go-trace/cmd/go-trace/flag.go:59.45,60.18 1 2
github.com/markphelps/go-trace/cmd/go-trace/flag.go:63.2,63.34 1 1
github.com/markphelps/go-trace/cmd/go-trace/flag.go:60.18,62.3 1 1
github.com/markphelps/go-trace/cmd/go-trace/flag.go:66.53,68.16 2 6
github.com/markphelps/go-trace/cmd/go-trace/flag.go:72.2,72.15 1 5
github.com/markphelps/go-trace/cmd/go-trace/flag.go:78.2,79.12 2 5
github.com/markphelps/go-trace/cmd/go-trace/flag.go:68.16,70.3 1 1
github.com/markphelps/go-trace/cmd/go-trace/flag.go:72.15,74.3 1 1
github.com/markphelps/go-trace/cmd/go-trace/flag.go:74.3,74.22 1 4
github.com/markphelps/go-trace/cmd/go-trace/flag.go:74.22,76.3 1 1
github.com/markphelps/go-trace/cmd/go-trace/flag.go:84.86,86.2 1 0
github.com/markphelps/go-trace/cmd/go-trace/flag.go:93.96,96.2 2 0
github.com/markphelps/go-trace/cmd/go-trace/flag.go:98.41,99.18 1 2
github.com/markphelps/go-trace/cmd/go-trace/flag.go:102.2,102.15 1 1
github.com/markphelps/go-trace/cmd/go-trace/flag.go:99.18,101.3 1 1
github.com/markphelps/go-trace/cmd/go-trace/flag.go:105.49,108.37 2 4
github.com/markphelps/go-trace/cmd/go-trace/flag.go:112.2,113.12 2 3
github.com/markphelps/go-trace/cmd/go-trace/flag.go:108.37,110.3 1 1
github.com/markphelps/go-trace/cmd/go-trace/flag.go:118.98,120.2 1 0
github.com/markphelps/go-trace/cmd/go-trace/main.go:65.13,82.13 13 0
github.com/markphelps/go-trace/cmd/go-trace/main.go:87.2,106.47 12 0
github.com/markphelps/go-trace/cmd/go-trace/main.go:111.2,112.39 2 0
github.com/markphelps/go-trace/cmd/go-trace/main.go:82.13,85.3 2 0
github.com/markphelps/go-trace/cmd/go-trace/main.go:106.47,109.3 2 0
github.com/markphelps/go-trace/cmd/go-trace/main.go:115.46,117.29 2 0
github.com/markphelps/go-trace/cmd/go-trace/main.go:124.2,124.15 1 0
github.com/markphelps/go-trace/cmd/go-trace/main.go:117.29,123.3 5 0
github.com/markphelps/go-trace/cmd/go-trace/main.go:127.52,129.16 2 0
github.com/markphelps/go-trace/cmd/go-trace/main.go:133.2,133.15 1 0
github.com/markphelps/go-trace/cmd/go-trace/main.go:139.2,141.49 2 0
github.com/markphelps/go-trace/cmd/go-trace/main.go:150.2,150.12 1 0
github.com/markphelps/go-trace/cmd/go-trace/main.go:129.16,131.3 1 0
github.com/markphelps/go-trace/cmd/go-trace/main.go:133.15,134.54 1 0
github.com/markphelps/go-trace/cmd/go-trace/main.go:134.54,136.4 1 0
github.com/markphelps/go-trace/cmd/go-trace/main.go:142.16,143.36 1 0
github.com/markphelps/go-trace/cmd/go-trace/main.go:144.15,145.30 1 0
github.com/markphelps/go-trace/cmd/go-trace/main.go:146.10,147.49 1 0
